TN:
SF:src/HSETH.sol
FN:25,HSETH.initialize
FNDA:19,HSETH.initialize
DA:26,18
DA:27,18
DA:28,18
DA:29,18
FN:37,HSETH.mint
FNDA:3584,HSETH.mint
DA:38,3072
FN:46,HSETH.burnFrom
FNDA:1792,HSETH.burnFrom
DA:47,1536
FN:54,HSETH.pause
FNDA:512,HSETH.pause
DA:55,512
FN:62,HSETH.unpause
FNDA:256,HSETH.unpause
DA:63,256
FNF:5
FNH:5
LF:8
LH:8
BRF:0
BRH:0
end_of_record
TN:
SF:src/StaderHavenStakingManager.sol
FN:49,StaderHavenStakingManager.initialize
FNDA:14,StaderHavenStakingManager.initialize
DA:62,10
DA:63,10
DA:64,10
DA:65,10
DA:66,10
DA:67,10
DA:68,10
FN:75,StaderHavenStakingManager.deposit
FNDA:2304,StaderHavenStakingManager.deposit
DA:76,2304
DA:77,2304
BRDA:77,0,0,256
BRDA:77,0,1,2048
DA:78,256
DA:80,2048
DA:81,1792
DA:82,1792
DA:83,1792
DA:84,1792
DA:85,1792
FN:93,StaderHavenStakingManager.requestWithdraw
FNDA:1536,StaderHavenStakingManager.requestWithdraw
DA:94,1536
DA:95,1280
DA:96,1280
DA:97,1280
DA:98,1280
BRDA:98,1,0,256
BRDA:98,1,1,1024
DA:99,256
DA:101,1024
DA:102,1024
DA:105,768
DA:106,768
FN:113,StaderHavenStakingManager.withdrawProtocolFees
FNDA:512,StaderHavenStakingManager.withdrawProtocolFees
DA:114,512
DA:115,512
DA:116,512
DA:117,512
FN:124,StaderHavenStakingManager.computeLatestProtocolFees
FNDA:768,StaderHavenStakingManager.computeLatestProtocolFees
DA:125,4352
DA:126,4352
DA:127,4352
BRDA:127,2,0,2504
BRDA:127,2,1,1848
DA:128,2504
DA:130,1848
DA:134,1848
DA:135,1848
DA:136,1848
FN:140,StaderHavenStakingManager.maxApproveETHx
FNDA:514,StaderHavenStakingManager.maxApproveETHx
DA:141,513
DA:142,513
BRDA:142,3,0,1
BRDA:142,3,1,512
DA:143,1
DA:145,512
FN:148,StaderHavenStakingManager.updateFeeInBPS
FNDA:768,StaderHavenStakingManager.updateFeeInBPS
DA:149,512
BRDA:149,4,0,256
BRDA:149,4,1,256
DA:150,256
DA:152,256
DA:153,256
FN:156,StaderHavenStakingManager.updateTreasuryAddress
FNDA:768,StaderHavenStakingManager.updateTreasuryAddress
DA:157,256
DA:158,256
FN:161,StaderHavenStakingManager.updateHsETHToken
FNDA:768,StaderHavenStakingManager.updateHsETHToken
DA:162,256
DA:163,256
FN:166,StaderHavenStakingManager.updateStaderConfig
FNDA:768,StaderHavenStakingManager.updateStaderConfig
DA:171,256
DA:172,256
FN:179,StaderHavenStakingManager.pause
FNDA:512,StaderHavenStakingManager.pause
DA:180,512
FN:187,StaderHavenStakingManager.unpause
FNDA:512,StaderHavenStakingManager.unpause
DA:188,512
FN:195,StaderHavenStakingManager.getLastStoredHsETHToETHxRate
FNDA:256,StaderHavenStakingManager.getLastStoredHsETHToETHxRate
DA:196,3328
DA:197,3328
DA:199,3328
DA:200,3328
DA:201,3328
FN:205,StaderHavenStakingManager.getLatestHsETHExchangeRate
FNDA:256,StaderHavenStakingManager.getLatestHsETHExchangeRate
DA:206,256
DA:208,256
DA:209,256
DA:213,256
DA:214,256
DA:216,256
DA:217,256
DA:219,256
DA:220,256
DA:221,256
FNF:14
FNH:14
LF:69
LH:69
BRF:10
BRH:10
end_of_record
TN:
SF:test/mocks/ETHxMock.sol
FN:7,ETHxMock.mint
FNDA:1792,ETHxMock.mint
DA:8,1792
FN:11,ETHxMock.burnFrom
FNDA:0,ETHxMock.burnFrom
DA:12,0
FNF:2
FNH:1
LF:2
LH:1
BRF:0
BRH:0
end_of_record
TN:
SF:test/mocks/StaderConfigMock.sol
FN:9,StaderConfigMock.updateETHxToken
FNDA:10,StaderConfigMock.updateETHxToken
DA:10,10
FN:13,StaderConfigMock.updateStaderStakePoolManager
FNDA:10,StaderConfigMock.updateStaderStakePoolManager
DA:14,10
FN:17,StaderConfigMock.updateUserWithdrawManager
FNDA:10,StaderConfigMock.updateUserWithdrawManager
DA:18,10
FN:21,StaderConfigMock.getETHxToken
FNDA:6712,StaderConfigMock.getETHxToken
DA:22,6712
FN:25,StaderConfigMock.getStakePoolManager
FNDA:8192,StaderConfigMock.getStakePoolManager
DA:26,8192
FN:29,StaderConfigMock.getUserWithdrawManager
FNDA:1536,StaderConfigMock.getUserWithdrawManager
DA:30,1536
FN:33,StaderConfigMock.getMinWithdrawAmount
FNDA:1280,StaderConfigMock.getMinWithdrawAmount
DA:34,1280
FN:37,StaderConfigMock.getMaxWithdrawAmount
FNDA:1024,StaderConfigMock.getMaxWithdrawAmount
DA:38,1024
FNF:8
FNH:8
LF:8
LH:8
BRF:0
BRH:0
end_of_record
TN:
SF:test/mocks/StaderStakePoolManagerMock.sol
FN:14,StaderStakePoolManagerMock.deposit
FNDA:1792,StaderStakePoolManagerMock.deposit
DA:15,1792
DA:16,1792
DA:17,1792
DA:18,1792
FN:21,StaderStakePoolManagerMock.maxDeposit
FNDA:2304,StaderStakePoolManagerMock.maxDeposit
DA:22,2304
FN:25,StaderStakePoolManagerMock.minDeposit
FNDA:2304,StaderStakePoolManagerMock.minDeposit
DA:26,2304
FN:29,StaderStakePoolManagerMock.previewWithdraw
FNDA:1280,StaderStakePoolManagerMock.previewWithdraw
DA:30,1280
FN:33,StaderStakePoolManagerMock.getExchangeRateInternal
FNDA:1792,StaderStakePoolManagerMock.getExchangeRateInternal
DA:34,1792
DA:35,1792
DA:36,1792
DA:37,1792
DA:38,1792
FN:41,StaderStakePoolManagerMock.getExchangeRate
FNDA:5120,StaderStakePoolManagerMock.getExchangeRate
DA:42,6400
DA:43,6400
DA:44,6400
DA:45,6400
DA:46,6400
FNF:6
FNH:6
LF:17
LH:17
BRF:0
BRH:0
end_of_record
TN:
SF:test/mocks/StaderUserWithdrawManagerMock.sol
FN:16,StaderUserWithdrawManagerMock.requestWithdraw
FNDA:1024,StaderUserWithdrawManagerMock.requestWithdraw
DA:17,1024
DA:18,768
FNF:1
FNH:1
LF:2
LH:2
BRF:0
BRH:0
end_of_record
